==============================================================================
20180129 13:01:15.836 - INFO - + START SUITE: Acceptancetest [ ]
==============================================================================
20180129 13:01:15.886 - INFO - +- START SUITE: Acceptancetest.HelloWorldTests [ ]
==============================================================================
20180129 13:01:15.894 - INFO - +-- START TEST: Say Hello [ ]
------------------------------------------------------------------------------
20180129 13:01:15.900 - INFO - +--- START KW: keywords.CustomKeywords.Greet Everyone [ ]
20180129 13:01:15.907 - INFO - +--- END KW: keywords.CustomKeywords.Greet Everyone (5)
------------------------------------------------------------------------------
20180129 13:01:15.914 - INFO - +-- END TEST: Say Hello (16)
------------------------------------------------------------------------------
20180129 13:01:15.917 - INFO - +-- START TEST: Say Hello In Pig Latin [ ]
------------------------------------------------------------------------------
20180129 13:01:15.920 - INFO - +--- START KW: keywords.CustomKeywords.Reverse Greet Everyone [ ]
20180129 13:01:15.926 - INFO - +--- END KW: keywords.CustomKeywords.Reverse Greet Everyone (5)
------------------------------------------------------------------------------
20180129 13:01:15.930 - INFO - +-- END TEST: Say Hello In Pig Latin (12)
------------------------------------------------------------------------------
20180129 13:01:15.933 - INFO - +-- START TEST: Make Sure You're Saying Hello [ ]
------------------------------------------------------------------------------
20180129 13:01:15.937 - INFO - +--- START KW: keywords.CustomKeywords.Greet Everyone [ ]
20180129 13:01:15.944 - INFO - ${result} = hello world
20180129 13:01:15.948 - INFO - +--- END KW: keywords.CustomKeywords.Greet Everyone (10)
~~~~~~~~~~~~~~~~~~~~~~~~~~~~~~~~~~~~~~~~~~~~~~~~~~~~~~~~~~~~~~~~~~~~~~~~~~~~~~
20180129 13:01:15.952 - INFO - +--- START KW: BuiltIn.Should Be Equal [ ${result} | hello world ]
20180129 13:01:15.964 - INFO - +--- END KW: BuiltIn.Should Be Equal (12)
------------------------------------------------------------------------------
20180129 13:01:15.968 - INFO - +-- END TEST: Make Sure You're Saying Hello (34)
------------------------------------------------------------------------------
20180129 13:01:15.971 - INFO - +-- START TEST: Make A Test That Fails [ ]
------------------------------------------------------------------------------
20180129 13:01:15.978 - INFO - +--- START KW: keywords.CustomKeywords.Reverse Greet Everyone [ ]
20180129 13:01:15.982 - INFO - ${result} = dlrow olleh
20180129 13:01:15.986 - INFO - +--- END KW: keywords.CustomKeywords.Reverse Greet Everyone (8)
~~~~~~~~~~~~~~~~~~~~~~~~~~~~~~~~~~~~~~~~~~~~~~~~~~~~~~~~~~~~~~~~~~~~~~~~~~~~~~
20180129 13:01:15.988 - INFO - +--- START KW: BuiltIn.Should Be Equal [ ${result} | dlrow olleh ]
20180129 13:01:15.998 - INFO - +--- END KW: BuiltIn.Should Be Equal (8)
------------------------------------------------------------------------------
20180129 13:01:16.002 - INFO - +-- END TEST: Make A Test That Fails (29)
------------------------------------------------------------------------------
20180129 13:01:16.016 - INFO - +- END SUITE: Acceptancetest.HelloWorldTests (168)
==============================================================================
20180129 13:01:16.031 - INFO - + END SUITE: Acceptancetest (551)
==============================================================================
